D:\VS2012\随机\随机\DEBUG\VC110.PDB
D:\VS2012\随机\随机\DEBUG\TEST.OBJ
D:\VS2012\随机\DEBUG\随机.ILK
D:\VS2012\随机\DEBUG\随机.EXE
D:\VS2012\随机\DEBUG\随机.PDB
D:\vs2012\随机\随机\Debug\test.obj
D:\vs2012\随机\随机\Debug\cl.command.1.tlog
D:\vs2012\随机\随机\Debug\CL.read.1.tlog
D:\vs2012\随机\随机\Debug\CL.write.1.tlog
D:\vs2012\随机\随机\Debug\link-cvtres.read.1.tlog
D:\vs2012\随机\随机\Debug\link-cvtres.write.1.tlog
D:\vs2012\随机\随机\Debug\link-rc.read.1.tlog
D:\vs2012\随机\随机\Debug\link-rc.write.1.tlog
D:\vs2012\随机\随机\Debug\link.command.1.tlog
D:\vs2012\随机\随机\Debug\link.read.1.tlog
D:\vs2012\随机\随机\Debug\link.write.1.tlog
D:\vs2012\随机\随机\Debug\vc110.idb
D:\vs2012\随机\随机\Debug\vc110.pdb
D:\vs2012\随机\Debug\随机.pdb
D:\vs2012\随机\Debug\随机.exe
D:\vs2012\随机\Debug\随机.ilk
