D:\VS2012\11-10模板进阶\11-10模板进阶\DEBUG\TEST.OBJ
D:\VS2012\11-10模板进阶\11-10模板进阶\DEBUG\VC110.PDB
D:\VS2012\11-10模板进阶\DEBUG\11-10模板进阶.ILK
D:\VS2012\11-10模板进阶\DEBUG\11-10模板进阶.EXE
D:\VS2012\11-10模板进阶\DEBUG\11-10模板进阶.PDB
D:\vs2012\11-10模板进阶\11-10模板进阶\Debug\test.obj
D:\vs2012\11-10模板进阶\11-10模板进阶\Debug\cl.command.1.tlog
D:\vs2012\11-10模板进阶\11-10模板进阶\Debug\CL.read.1.tlog
D:\vs2012\11-10模板进阶\11-10模板进阶\Debug\CL.write.1.tlog
D:\vs2012\11-10模板进阶\11-10模板进阶\Debug\link-cvtres.read.1.tlog
D:\vs2012\11-10模板进阶\11-10模板进阶\Debug\link-cvtres.write.1.tlog
D:\vs2012\11-10模板进阶\11-10模板进阶\Debug\link-rc.read.1.tlog
D:\vs2012\11-10模板进阶\11-10模板进阶\Debug\link-rc.write.1.tlog
D:\vs2012\11-10模板进阶\11-10模板进阶\Debug\link.command.1.tlog
D:\vs2012\11-10模板进阶\11-10模板进阶\Debug\link.read.1.tlog
D:\vs2012\11-10模板进阶\11-10模板进阶\Debug\link.write.1.tlog
D:\vs2012\11-10模板进阶\11-10模板进阶\Debug\vc110.idb
D:\vs2012\11-10模板进阶\11-10模板进阶\Debug\vc110.pdb
D:\vs2012\11-10模板进阶\Debug\11-10模板进阶.pdb
D:\vs2012\11-10模板进阶\Debug\11-10模板进阶.exe
D:\vs2012\11-10模板进阶\Debug\11-10模板进阶.ilk
