D:\VS2012\单链表\PROJECT2\DEBUG\SLIST.OBJ
D:\VS2012\单链表\PROJECT2\DEBUG\TEST.OBJ
D:\VS2012\单链表\PROJECT2\DEBUG\VC110.PDB
D:\VS2012\单链表\DEBUG\单链表.ILK
D:\VS2012\单链表\DEBUG\单链表.EXE
D:\VS2012\单链表\DEBUG\单链表.PDB
D:\vs2012\单链表\Project2\Debug\SList.obj
D:\vs2012\单链表\Project2\Debug\test.obj
D:\vs2012\单链表\Project2\Debug\cl.command.1.tlog
D:\vs2012\单链表\Project2\Debug\CL.read.1.tlog
D:\vs2012\单链表\Project2\Debug\CL.write.1.tlog
D:\vs2012\单链表\Project2\Debug\link-cvtres.read.1.tlog
D:\vs2012\单链表\Project2\Debug\link-cvtres.write.1.tlog
D:\vs2012\单链表\Project2\Debug\link-rc.read.1.tlog
D:\vs2012\单链表\Project2\Debug\link-rc.write.1.tlog
D:\vs2012\单链表\Project2\Debug\link.command.1.tlog
D:\vs2012\单链表\Project2\Debug\link.read.1.tlog
D:\vs2012\单链表\Project2\Debug\link.write.1.tlog
D:\vs2012\单链表\Project2\Debug\vc110.idb
D:\vs2012\单链表\Project2\Debug\vc110.pdb
D:\vs2012\单链表\Debug\单链表.pdb
D:\vs2012\单链表\Debug\单链表.exe
D:\vs2012\单链表\Debug\单链表.ilk
