D:\VS2012\双链表\双链表\DEBUG\DOUBLELIST.OBJ
D:\VS2012\双链表\双链表\DEBUG\MAIN.OBJ
D:\VS2012\双链表\双链表\DEBUG\VC110.PDB
D:\VS2012\双链表\DEBUG\双链表.ILK
D:\VS2012\双链表\DEBUG\双链表.EXE
D:\VS2012\双链表\DEBUG\双链表.PDB
D:\vs2012\双链表\双链表\Debug\Doublelist.obj
D:\vs2012\双链表\双链表\Debug\main.obj
D:\vs2012\双链表\双链表\Debug\cl.command.1.tlog
D:\vs2012\双链表\双链表\Debug\CL.read.1.tlog
D:\vs2012\双链表\双链表\Debug\CL.write.1.tlog
D:\vs2012\双链表\双链表\Debug\link-cvtres.read.1.tlog
D:\vs2012\双链表\双链表\Debug\link-cvtres.write.1.tlog
D:\vs2012\双链表\双链表\Debug\link-rc.read.1.tlog
D:\vs2012\双链表\双链表\Debug\link-rc.write.1.tlog
D:\vs2012\双链表\双链表\Debug\link.22928-cvtres.read.1.tlog
D:\vs2012\双链表\双链表\Debug\link.22928-cvtres.write.1.tlog
D:\vs2012\双链表\双链表\Debug\link.22928-rc.read.1.tlog
D:\vs2012\双链表\双链表\Debug\link.22928-rc.write.1.tlog
D:\vs2012\双链表\双链表\Debug\link.22928.read.1.tlog
D:\vs2012\双链表\双链表\Debug\link.22928.write.1.tlog
D:\vs2012\双链表\双链表\Debug\link.command.1.tlog
D:\vs2012\双链表\双链表\Debug\link.read.1.tlog
D:\vs2012\双链表\双链表\Debug\link.write.1.tlog
D:\vs2012\双链表\双链表\Debug\vc110.idb
D:\vs2012\双链表\双链表\Debug\vc110.pdb
D:\vs2012\双链表\Debug\双链表.pdb
D:\vs2012\双链表\Debug\双链表.exe
D:\vs2012\双链表\Debug\双链表.ilk
